<?xml version="1.0" encoding="UTF-8"?>
<testsuite xmlns:xsi="http://www.w3.org/2001/XMLSchema-instance" xsi:noNamespaceSchemaLocation="https://maven.apache.org/surefire/maven-surefire-plugin/xsd/surefire-test-report.xsd" name="com.camel.soaptorest.AppTest" time="0.021" tests="1" errors="0" skipped="0" failures="0">
  <properties>
    <property name="gopherProxySet" value="false"/>
    <property name="awt.toolkit" value="sun.lwawt.macosx.LWCToolkit"/>
    <property name="file.encoding.pkg" value="sun.io"/>
    <property name="java.specification.version" value="1.8"/>
    <property name="sun.cpu.isalist" value=""/>
    <property name="sun.jnu.encoding" value="UTF-8"/>
    <property name="java.class.path" value="/Users/jpaulraj/camel/camel-soaptorest/target/test-classes:/Users/jpaulraj/camel/camel-soaptorest/target/classes:/Users/jpaulraj/.m2/repository/org/apache/camel/springboot/camel-spring-boot-starter/3.5.0/camel-spring-boot-starter-3.5.0.jar:/Users/jpaulraj/.m2/repository/org/springframework/boot/spring-boot-starter/2.3.6.RELEASE/spring-boot-starter-2.3.6.RELEASE.jar:/Users/jpaulraj/.m2/repository/org/springframework/boot/spring-boot/2.3.6.RELEASE/spring-boot-2.3.6.RELEASE.jar:/Users/jpaulraj/.m2/repository/org/springframework/boot/spring-boot-autoconfigure/2.3.6.RELEASE/spring-boot-autoconfigure-2.3.6.RELEASE.jar:/Users/jpaulraj/.m2/repository/org/springframework/boot/spring-boot-starter-logging/2.3.6.RELEASE/spring-boot-starter-logging-2.3.6.RELEASE.jar:/Users/jpaulraj/.m2/repository/ch/qos/logback/logback-classic/1.2.3/logback-classic-1.2.3.jar:/Users/jpaulraj/.m2/repository/ch/qos/logback/logback-core/1.2.3/logback-core-1.2.3.jar:/Users/jpaulraj/.m2/repository/org/apache/logging/log4j/log4j-to-slf4j/2.13.3/log4j-to-slf4j-2.13.3.jar:/Users/jpaulraj/.m2/repository/org/apache/logging/log4j/log4j-api/2.13.3/log4j-api-2.13.3.jar:/Users/jpaulraj/.m2/repository/org/slf4j/jul-to-slf4j/1.7.30/jul-to-slf4j-1.7.30.jar:/Users/jpaulraj/.m2/repository/jakarta/annotation/jakarta.annotation-api/1.3.5/jakarta.annotation-api-1.3.5.jar:/Users/jpaulraj/.m2/repository/org/yaml/snakeyaml/1.26/snakeyaml-1.26.jar:/Users/jpaulraj/.m2/repository/org/apache/camel/springboot/camel-spring-boot/3.5.0/camel-spring-boot-3.5.0.jar:/Users/jpaulraj/.m2/repository/org/apache/camel/camel-spring/3.5.0/camel-spring-3.5.0.jar:/Users/jpaulraj/.m2/repository/org/apache/camel/camel-core-xml/3.5.0/camel-core-xml-3.5.0.jar:/Users/jpaulraj/.m2/repository/org/springframework/spring-aop/5.2.11.RELEASE/spring-aop-5.2.11.RELEASE.jar:/Users/jpaulraj/.m2/repository/org/springframework/spring-expression/5.2.11.RELEASE/spring-expression-5.2.11.RELEASE.jar:/Users/jpaulraj/.m2/repository/org/springframework/spring-tx/5.2.11.RELEASE/spring-tx-5.2.11.RELEASE.jar:/Users/jpaulraj/.m2/repository/org/apache/camel/camel-core-catalog/3.5.0/camel-core-catalog-3.5.0.jar:/Users/jpaulraj/.m2/repository/org/apache/camel/camel-main/3.5.0/camel-main-3.5.0.jar:/Users/jpaulraj/.m2/repository/org/apache/camel/springboot/camel-core-starter/3.5.0/camel-core-starter-3.5.0.jar:/Users/jpaulraj/.m2/repository/org/apache/camel/springboot/camel-cxf-starter/3.5.0/camel-cxf-starter-3.5.0.jar:/Users/jpaulraj/.m2/repository/org/apache/camel/camel-cxf/3.5.0/camel-cxf-3.5.0.jar:/Users/jpaulraj/.m2/repository/org/apache/camel/camel-attachments/3.5.0/camel-attachments-3.5.0.jar:/Users/jpaulraj/.m2/repository/com/sun/activation/javax.activation/1.2.0/javax.activation-1.2.0.jar:/Users/jpaulraj/.m2/repository/org/apache/camel/camel-cxf-transport/3.5.0/camel-cxf-transport-3.5.0.jar:/Users/jpaulraj/.m2/repository/org/apache/camel/camel-http-base/3.5.0/camel-http-base-3.5.0.jar:/Users/jpaulraj/.m2/repository/org/apache/cxf/cxf-rt-frontend-jaxrs/3.4.0/cxf-rt-frontend-jaxrs-3.4.0.jar:/Users/jpaulraj/.m2/repository/org/apache/cxf/cxf-core/3.4.0/cxf-core-3.4.0.jar:/Users/jpaulraj/.m2/repository/org/glassfish/jaxb/jaxb-runtime/2.3.3/jaxb-runtime-2.3.3.jar:/Users/jpaulraj/.m2/repository/org/glassfish/jaxb/txw2/2.3.3/txw2-2.3.3.jar:/Users/jpaulraj/.m2/repository/com/sun/istack/istack-commons-runtime/3.0.11/istack-commons-runtime-3.0.11.jar:/Users/jpaulraj/.m2/repository/com/sun/activation/jakarta.activation/1.2.2/jakarta.activation-1.2.2.jar:/Users/jpaulraj/.m2/repository/org/apache/ws/xmlschema/xmlschema-core/2.2.5/xmlschema-core-2.2.5.jar:/Users/jpaulraj/.m2/repository/jakarta/ws/rs/jakarta.ws.rs-api/2.1.6/jakarta.ws.rs-api-2.1.6.jar:/Users/jpaulraj/.m2/repository/org/apache/cxf/cxf-rt-transports-http/3.4.0/cxf-rt-transports-http-3.4.0.jar:/Users/jpaulraj/.m2/repository/org/apache/cxf/cxf-rt-security/3.4.0/cxf-rt-security-3.4.0.jar:/Users/jpaulraj/.m2/repository/org/apache/cxf/cxf-rt-frontend-jaxws/3.4.0/cxf-rt-frontend-jaxws-3.4.0.jar:/Users/jpaulraj/.m2/repository/xml-resolver/xml-resolver/1.2/xml-resolver-1.2.jar:/Users/jpaulraj/.m2/repository/org/ow2/asm/asm/8.0.1/asm-8.0.1.jar:/Users/jpaulraj/.m2/repository/org/apache/cxf/cxf-rt-bindings-xml/3.4.0/cxf-rt-bindings-xml-3.4.0.jar:/Users/jpaulraj/.m2/repository/org/apache/cxf/cxf-rt-frontend-simple/3.4.0/cxf-rt-frontend-simple-3.4.0.jar:/Users/jpaulraj/.m2/repository/org/apache/cxf/cxf-rt-ws-addr/3.4.0/cxf-rt-ws-addr-3.4.0.jar:/Users/jpaulraj/.m2/repository/org/apache/cxf/cxf-rt-ws-policy/3.4.0/cxf-rt-ws-policy-3.4.0.jar:/Users/jpaulraj/.m2/repository/org/apache/neethi/neethi/3.1.1/neethi-3.1.1.jar:/Users/jpaulraj/.m2/repository/org/apache/cxf/cxf-rt-rs-client/3.4.0/cxf-rt-rs-client-3.4.0.jar:/Users/jpaulraj/.m2/repository/org/apache/cxf/cxf-rt-features-logging/3.4.0/cxf-rt-features-logging-3.4.0.jar:/Users/jpaulraj/.m2/repository/org/springframework/spring-beans/5.2.11.RELEASE/spring-beans-5.2.11.RELEASE.jar:/Users/jpaulraj/.m2/repository/org/springframework/spring-context/5.2.11.RELEASE/spring-context-5.2.11.RELEASE.jar:/Users/jpaulraj/.m2/repository/org/apache/cxf/cxf-rt-bindings-soap/3.4.0/cxf-rt-bindings-soap-3.4.0.jar:/Users/jpaulraj/.m2/repository/org/apache/cxf/cxf-rt-wsdl/3.4.0/cxf-rt-wsdl-3.4.0.jar:/Users/jpaulraj/.m2/repository/wsdl4j/wsdl4j/1.6.3/wsdl4j-1.6.3.jar:/Users/jpaulraj/.m2/repository/org/apache/cxf/cxf-rt-databinding-jaxb/3.4.0/cxf-rt-databinding-jaxb-3.4.0.jar:/Users/jpaulraj/.m2/repository/org/apache/camel/camel-core/3.5.0/camel-core-3.5.0.jar:/Users/jpaulraj/.m2/repository/org/apache/camel/camel-core-engine/3.5.0/camel-core-engine-3.5.0.jar:/Users/jpaulraj/.m2/repository/org/apache/camel/camel-api/3.5.0/camel-api-3.5.0.jar:/Users/jpaulraj/.m2/repository/org/apache/camel/camel-base/3.5.0/camel-base-3.5.0.jar:/Users/jpaulraj/.m2/repository/org/apache/camel/camel-management-api/3.5.0/camel-management-api-3.5.0.jar:/Users/jpaulraj/.m2/repository/org/apache/camel/camel-util/3.5.0/camel-util-3.5.0.jar:/Users/jpaulraj/.m2/repository/org/apache/camel/camel-core-languages/3.5.0/camel-core-languages-3.5.0.jar:/Users/jpaulraj/.m2/repository/org/apache/camel/camel-bean/3.5.0/camel-bean-3.5.0.jar:/Users/jpaulraj/.m2/repository/org/apache/camel/camel-browse/3.5.0/camel-browse-3.5.0.jar:/Users/jpaulraj/.m2/repository/org/apache/camel/camel-caffeine-lrucache/3.5.0/camel-caffeine-lrucache-3.5.0.jar:/Users/jpaulraj/.m2/repository/com/github/ben-manes/caffeine/caffeine/2.8.6/caffeine-2.8.6.jar:/Users/jpaulraj/.m2/repository/org/apache/camel/camel-cluster/3.5.0/camel-cluster-3.5.0.jar:/Users/jpaulraj/.m2/repository/org/apache/camel/camel-controlbus/3.5.0/camel-controlbus-3.5.0.jar:/Users/jpaulraj/.m2/repository/org/apache/camel/camel-dataformat/3.5.0/camel-dataformat-3.5.0.jar:/Users/jpaulraj/.m2/repository/org/apache/camel/camel-dataset/3.5.0/camel-dataset-3.5.0.jar:/Users/jpaulraj/.m2/repository/org/apache/camel/camel-direct/3.5.0/camel-direct-3.5.0.jar:/Users/jpaulraj/.m2/repository/org/apache/camel/camel-directvm/3.5.0/camel-directvm-3.5.0.jar:/Users/jpaulraj/.m2/repository/org/apache/camel/camel-file/3.5.0/camel-file-3.5.0.jar:/Users/jpaulraj/.m2/repository/org/apache/camel/camel-health/3.5.0/camel-health-3.5.0.jar:/Users/jpaulraj/.m2/repository/org/apache/camel/camel-language/3.5.0/camel-language-3.5.0.jar:/Users/jpaulraj/.m2/repository/org/apache/camel/camel-log/3.5.0/camel-log-3.5.0.jar:/Users/jpaulraj/.m2/repository/org/apache/camel/camel-mock/3.5.0/camel-mock-3.5.0.jar:/Users/jpaulraj/.m2/repository/org/apache/camel/camel-ref/3.5.0/camel-ref-3.5.0.jar:/Users/jpaulraj/.m2/repository/org/apache/camel/camel-rest/3.5.0/camel-rest-3.5.0.jar:/Users/jpaulraj/.m2/repository/org/apache/camel/camel-tooling-model/3.5.0/camel-tooling-model-3.5.0.jar:/Users/jpaulraj/.m2/repository/org/apache/camel/camel-util-json/3.5.0/camel-util-json-3.5.0.jar:/Users/jpaulraj/.m2/repository/org/apache/camel/camel-saga/3.5.0/camel-saga-3.5.0.jar:/Users/jpaulraj/.m2/repository/org/apache/camel/camel-scheduler/3.5.0/camel-scheduler-3.5.0.jar:/Users/jpaulraj/.m2/repository/org/apache/camel/camel-seda/3.5.0/camel-seda-3.5.0.jar:/Users/jpaulraj/.m2/repository/org/apache/camel/camel-stub/3.5.0/camel-stub-3.5.0.jar:/Users/jpaulraj/.m2/repository/org/apache/camel/camel-timer/3.5.0/camel-timer-3.5.0.jar:/Users/jpaulraj/.m2/repository/org/apache/camel/camel-validator/3.5.0/camel-validator-3.5.0.jar:/Users/jpaulraj/.m2/repository/org/apache/camel/camel-vm/3.5.0/camel-vm-3.5.0.jar:/Users/jpaulraj/.m2/repository/org/apache/camel/camel-xpath/3.5.0/camel-xpath-3.5.0.jar:/Users/jpaulraj/.m2/repository/org/apache/camel/camel-xslt/3.5.0/camel-xslt-3.5.0.jar:/Users/jpaulraj/.m2/repository/org/apache/camel/camel-xml-jaxb/3.5.0/camel-xml-jaxb-3.5.0.jar:/Users/jpaulraj/.m2/repository/com/sun/xml/bind/jaxb-core/2.3.0/jaxb-core-2.3.0.jar:/Users/jpaulraj/.m2/repository/org/apache/camel/camel-xml-jaxp/3.5.0/camel-xml-jaxp-3.5.0.jar:/Users/jpaulraj/.m2/repository/org/slf4j/slf4j-api/1.7.30/slf4j-api-1.7.30.jar:/Users/jpaulraj/.m2/repository/org/apache/camel/camel-soap/3.5.0/camel-soap-3.5.0.jar:/Users/jpaulraj/.m2/repository/org/apache/camel/camel-support/3.5.0/camel-support-3.5.0.jar:/Users/jpaulraj/.m2/repository/org/apache/camel/camel-jaxb/3.5.0/camel-jaxb-3.5.0.jar:/Users/jpaulraj/.m2/repository/com/sun/xml/bind/jaxb-impl/2.3.0/jaxb-impl-2.3.0.jar:/Users/jpaulraj/.m2/repository/org/apache/camel/springboot/camel-rest-starter/3.5.0/camel-rest-starter-3.5.0.jar:/Users/jpaulraj/.m2/repository/org/apache/camel/springboot/camel-rest-openapi-starter/3.5.0/camel-rest-openapi-starter-3.5.0.jar:/Users/jpaulraj/.m2/repository/org/apache/camel/camel-rest-openapi/3.5.0/camel-rest-openapi-3.5.0.jar:/Users/jpaulraj/.m2/repository/io/apicurio/apicurio-data-models/1.0.16.Final/apicurio-data-models-1.0.16.Final.jar:/Users/jpaulraj/.m2/repository/org/apache/camel/springboot/camel-undertow-starter/3.5.0/camel-undertow-starter-3.5.0.jar:/Users/jpaulraj/.m2/repository/org/apache/camel/camel-undertow/3.5.0/camel-undertow-3.5.0.jar:/Users/jpaulraj/.m2/repository/io/undertow/undertow-core/2.1.4.Final/undertow-core-2.1.4.Final.jar:/Users/jpaulraj/.m2/repository/org/jboss/logging/jboss-logging/3.4.1.Final/jboss-logging-3.4.1.Final.jar:/Users/jpaulraj/.m2/repository/org/jboss/xnio/xnio-api/3.8.0.Final/xnio-api-3.8.0.Final.jar:/Users/jpaulraj/.m2/repository/org/wildfly/common/wildfly-common/1.5.2.Final/wildfly-common-1.5.2.Final.jar:/Users/jpaulraj/.m2/repository/org/wildfly/client/wildfly-client-config/1.0.1.Final/wildfly-client-config-1.0.1.Final.jar:/Users/jpaulraj/.m2/repository/org/jboss/xnio/xnio-nio/3.8.0.Final/xnio-nio-3.8.0.Final.jar:/Users/jpaulraj/.m2/repository/org/jboss/threads/jboss-threads/3.1.0.Final/jboss-threads-3.1.0.Final.jar:/Users/jpaulraj/.m2/repository/io/undertow/undertow-servlet/2.1.4.Final/undertow-servlet-2.1.4.Final.jar:/Users/jpaulraj/.m2/repository/org/jboss/spec/javax/servlet/jboss-servlet-api_4.0_spec/2.0.0.Final/jboss-servlet-api_4.0_spec-2.0.0.Final.jar:/Users/jpaulraj/.m2/repository/org/jboss/spec/javax/annotation/jboss-annotations-api_1.3_spec/2.0.1.Final/jboss-annotations-api_1.3_spec-2.0.1.Final.jar:/Users/jpaulraj/.m2/repository/org/apache/camel/camel-http/3.5.0/camel-http-3.5.0.jar:/Users/jpaulraj/.m2/repository/org/apache/camel/camel-cloud/3.5.0/camel-cloud-3.5.0.jar:/Users/jpaulraj/.m2/repository/org/apache/camel/camel-http-common/3.5.0/camel-http-common-3.5.0.jar:/Users/jpaulraj/.m2/repository/javax/servlet/javax.servlet-api/4.0.1/javax.servlet-api-4.0.1.jar:/Users/jpaulraj/.m2/repository/org/apache/httpcomponents/httpclient/4.5.13/httpclient-4.5.13.jar:/Users/jpaulraj/.m2/repository/org/apache/httpcomponents/httpcore/4.4.13/httpcore-4.4.13.jar:/Users/jpaulraj/.m2/repository/commons-codec/commons-codec/1.14/commons-codec-1.14.jar:/Users/jpaulraj/.m2/repository/org/apache/camel/camel-swagger-java/3.5.0/camel-swagger-java-3.5.0.jar:/Users/jpaulraj/.m2/repository/com/fasterxml/jackson/datatype/jackson-datatype-joda/2.11.3/jackson-datatype-joda-2.11.3.jar:/Users/jpaulraj/.m2/repository/joda-time/joda-time/2.9.9/joda-time-2.9.9.jar:/Users/jpaulraj/.m2/repository/com/fasterxml/jackson/dataformat/jackson-dataformat-yaml/2.11.3/jackson-dataformat-yaml-2.11.3.jar:/Users/jpaulraj/.m2/repository/com/fasterxml/jackson/dataformat/jackson-dataformat-xml/2.11.3/jackson-dataformat-xml-2.11.3.jar:/Users/jpaulraj/.m2/repository/com/fasterxml/jackson/module/jackson-module-jaxb-annotations/2.11.3/jackson-module-jaxb-annotations-2.11.3.jar:/Users/jpaulraj/.m2/repository/org/codehaus/woodstox/stax2-api/4.2.1/stax2-api-4.2.1.jar:/Users/jpaulraj/.m2/repository/com/fasterxml/woodstox/woodstox-core/6.2.1/woodstox-core-6.2.1.jar:/Users/jpaulraj/.m2/repository/com/fasterxml/jackson/jaxrs/jackson-jaxrs-json-provider/2.11.3/jackson-jaxrs-json-provider-2.11.3.jar:/Users/jpaulraj/.m2/repository/com/fasterxml/jackson/jaxrs/jackson-jaxrs-base/2.11.3/jackson-jaxrs-base-2.11.3.jar:/Users/jpaulraj/.m2/repository/com/google/guava/guava/27.1-jre/guava-27.1-jre.jar:/Users/jpaulraj/.m2/repository/com/google/guava/failureaccess/1.0.1/failureaccess-1.0.1.jar:/Users/jpaulraj/.m2/repository/com/google/guava/listenablefuture/9999.0-empty-to-avoid-conflict-with-guava/listenablefuture-9999.0-empty-to-avoid-conflict-with-guava.jar:/Users/jpaulraj/.m2/repository/com/google/code/findbugs/jsr305/3.0.2/jsr305-3.0.2.jar:/Users/jpaulraj/.m2/repository/org/checkerframework/checker-qual/2.5.2/checker-qual-2.5.2.jar:/Users/jpaulraj/.m2/repository/com/google/errorprone/error_prone_annotations/2.2.0/error_prone_annotations-2.2.0.jar:/Users/jpaulraj/.m2/repository/com/google/j2objc/j2objc-annotations/1.1/j2objc-annotations-1.1.jar:/Users/jpaulraj/.m2/repository/org/codehaus/mojo/animal-sniffer-annotations/1.17/animal-sniffer-annotations-1.17.jar:/Users/jpaulraj/.m2/repository/org/apache/commons/commons-lang3/3.10/commons-lang3-3.10.jar:/Users/jpaulraj/.m2/repository/io/swagger/swagger-core/1.5.24/swagger-core-1.5.24.jar:/Users/jpaulraj/.m2/repository/io/swagger/swagger-models/1.5.24/swagger-models-1.5.24.jar:/Users/jpaulraj/.m2/repository/javax/validation/validation-api/2.0.1.Final/validation-api-2.0.1.Final.jar:/Users/jpaulraj/.m2/repository/io/swagger/swagger-annotations/1.5.24/swagger-annotations-1.5.24.jar:/Users/jpaulraj/.m2/repository/io/swagger/swagger-jaxrs/1.5.24/swagger-jaxrs-1.5.24.jar:/Users/jpaulraj/.m2/repository/javax/ws/rs/jsr311-api/1.1.1/jsr311-api-1.1.1.jar:/Users/jpaulraj/.m2/repository/org/reflections/reflections/0.9.11/reflections-0.9.11.jar:/Users/jpaulraj/.m2/repository/org/javassist/javassist/3.21.0-GA/javassist-3.21.0-GA.jar:/Users/jpaulraj/.m2/repository/io/swagger/swagger-parser/1.0.47/swagger-parser-1.0.47.jar:/Users/jpaulraj/.m2/repository/org/slf4j/slf4j-ext/1.7.30/slf4j-ext-1.7.30.jar:/Users/jpaulraj/.m2/repository/commons-io/commons-io/2.4/commons-io-2.4.jar:/Users/jpaulraj/.m2/repository/org/webjars/swagger-ui/3.38.0/swagger-ui-3.38.0.jar:/Users/jpaulraj/.m2/repository/org/webjars/webjars-locator/0.40/webjars-locator-0.40.jar:/Users/jpaulraj/.m2/repository/org/webjars/webjars-locator-core/0.45/webjars-locator-core-0.45.jar:/Users/jpaulraj/.m2/repository/io/github/classgraph/classgraph/4.8.69/classgraph-4.8.69.jar:/Users/jpaulraj/.m2/repository/com/fasterxml/jackson/core/jackson-core/2.11.3/jackson-core-2.11.3.jar:/Users/jpaulraj/.m2/repository/com/fasterxml/jackson/core/jackson-databind/2.11.3/jackson-databind-2.11.3.jar:/Users/jpaulraj/.m2/repository/com/fasterxml/jackson/core/jackson-annotations/2.11.3/jackson-annotations-2.11.3.jar:/Users/jpaulraj/.m2/repository/org/springframework/boot/spring-boot-starter-test/2.3.6.RELEASE/spring-boot-starter-test-2.3.6.RELEASE.jar:/Users/jpaulraj/.m2/repository/org/springframework/boot/spring-boot-test/2.3.6.RELEASE/spring-boot-test-2.3.6.RELEASE.jar:/Users/jpaulraj/.m2/repository/org/springframework/boot/spring-boot-test-autoconfigure/2.3.6.RELEASE/spring-boot-test-autoconfigure-2.3.6.RELEASE.jar:/Users/jpaulraj/.m2/repository/com/jayway/jsonpath/json-path/2.4.0/json-path-2.4.0.jar:/Users/jpaulraj/.m2/repository/net/minidev/json-smart/2.3/json-smart-2.3.jar:/Users/jpaulraj/.m2/repository/net/minidev/accessors-smart/1.2/accessors-smart-1.2.jar:/Users/jpaulraj/.m2/repository/jakarta/xml/bind/jakarta.xml.bind-api/2.3.3/jakarta.xml.bind-api-2.3.3.jar:/Users/jpaulraj/.m2/repository/jakarta/activation/jakarta.activation-api/1.2.2/jakarta.activation-api-1.2.2.jar:/Users/jpaulraj/.m2/repository/org/assertj/assertj-core/3.16.1/assertj-core-3.16.1.jar:/Users/jpaulraj/.m2/repository/org/hamcrest/hamcrest/2.2/hamcrest-2.2.jar:/Users/jpaulraj/.m2/repository/org/junit/jupiter/junit-jupiter/5.6.3/junit-jupiter-5.6.3.jar:/Users/jpaulraj/.m2/repository/org/junit/jupiter/junit-jupiter-api/5.6.3/junit-jupiter-api-5.6.3.jar:/Users/jpaulraj/.m2/repository/org/apiguardian/apiguardian-api/1.1.0/apiguardian-api-1.1.0.jar:/Users/jpaulraj/.m2/repository/org/opentest4j/opentest4j/1.2.0/opentest4j-1.2.0.jar:/Users/jpaulraj/.m2/repository/org/junit/platform/junit-platform-commons/1.6.3/junit-platform-commons-1.6.3.jar:/Users/jpaulraj/.m2/repository/org/junit/jupiter/junit-jupiter-params/5.6.3/junit-jupiter-params-5.6.3.jar:/Users/jpaulraj/.m2/repository/org/junit/jupiter/junit-jupiter-engine/5.6.3/junit-jupiter-engine-5.6.3.jar:/Users/jpaulraj/.m2/repository/org/junit/platform/junit-platform-engine/1.6.3/junit-platform-engine-1.6.3.jar:/Users/jpaulraj/.m2/repository/org/mockito/mockito-core/3.3.3/mockito-core-3.3.3.jar:/Users/jpaulraj/.m2/repository/net/bytebuddy/byte-buddy/1.10.18/byte-buddy-1.10.18.jar:/Users/jpaulraj/.m2/repository/net/bytebuddy/byte-buddy-agent/1.10.18/byte-buddy-agent-1.10.18.jar:/Users/jpaulraj/.m2/repository/org/objenesis/objenesis/2.6/objenesis-2.6.jar:/Users/jpaulraj/.m2/repository/org/mockito/mockito-junit-jupiter/3.3.3/mockito-junit-jupiter-3.3.3.jar:/Users/jpaulraj/.m2/repository/org/skyscreamer/jsonassert/1.5.0/jsonassert-1.5.0.jar:/Users/jpaulraj/.m2/repository/com/vaadin/external/google/android-json/0.0.20131108.vaadin1/android-json-0.0.20131108.vaadin1.jar:/Users/jpaulraj/.m2/repository/org/springframework/spring-core/5.2.11.RELEASE/spring-core-5.2.11.RELEASE.jar:/Users/jpaulraj/.m2/repository/org/springframework/spring-jcl/5.2.11.RELEASE/spring-jcl-5.2.11.RELEASE.jar:/Users/jpaulraj/.m2/repository/org/springframework/spring-test/5.2.11.RELEASE/spring-test-5.2.11.RELEASE.jar:/Users/jpaulraj/.m2/repository/org/xmlunit/xmlunit-core/2.7.0/xmlunit-core-2.7.0.jar:"/>
    <property name="java.vm.vendor" value="Oracle Corporation"/>
    <property name="sun.arch.data.model" value="64"/>
    <property name="java.vendor.url" value="http://java.oracle.com/"/>
    <property name="user.timezone" value=""/>
    <property name="java.vm.specification.version" value="1.8"/>
    <property name="os.name" value="Mac OS X"/>
    <property name="user.country" value="VN"/>
    <property name="sun.java.launcher" value="SUN_STANDARD"/>
    <property name="sun.boot.library.path" value="/Library/Java/JavaVirtualMachines/jdk1.8.0_251.jdk/Contents/Home/jre/lib"/>
    <property name="sun.java.command" value="/Users/jpaulraj/camel/camel-soaptorest/target/surefire/surefirebooter8268821940520527656.jar /Users/jpaulraj/camel/camel-soaptorest/target/surefire 2022-12-18T16-52-22_041-jvmRun1 surefire7973437302157136838tmp surefire_07052475813040508690tmp"/>
    <property name="http.nonProxyHosts" value="local|*.local|169.254/16|*.169.254/16|10.15.108.148"/>
    <property name="surefire.test.class.path" value="/Users/jpaulraj/camel/camel-soaptorest/target/test-classes:/Users/jpaulraj/camel/camel-soaptorest/target/classes:/Users/jpaulraj/.m2/repository/org/apache/camel/springboot/camel-spring-boot-starter/3.5.0/camel-spring-boot-starter-3.5.0.jar:/Users/jpaulraj/.m2/repository/org/springframework/boot/spring-boot-starter/2.3.6.RELEASE/spring-boot-starter-2.3.6.RELEASE.jar:/Users/jpaulraj/.m2/repository/org/springframework/boot/spring-boot/2.3.6.RELEASE/spring-boot-2.3.6.RELEASE.jar:/Users/jpaulraj/.m2/repository/org/springframework/boot/spring-boot-autoconfigure/2.3.6.RELEASE/spring-boot-autoconfigure-2.3.6.RELEASE.jar:/Users/jpaulraj/.m2/repository/org/springframework/boot/spring-boot-starter-logging/2.3.6.RELEASE/spring-boot-starter-logging-2.3.6.RELEASE.jar:/Users/jpaulraj/.m2/repository/ch/qos/logback/logback-classic/1.2.3/logback-classic-1.2.3.jar:/Users/jpaulraj/.m2/repository/ch/qos/logback/logback-core/1.2.3/logback-core-1.2.3.jar:/Users/jpaulraj/.m2/repository/org/apache/logging/log4j/log4j-to-slf4j/2.13.3/log4j-to-slf4j-2.13.3.jar:/Users/jpaulraj/.m2/repository/org/apache/logging/log4j/log4j-api/2.13.3/log4j-api-2.13.3.jar:/Users/jpaulraj/.m2/repository/org/slf4j/jul-to-slf4j/1.7.30/jul-to-slf4j-1.7.30.jar:/Users/jpaulraj/.m2/repository/jakarta/annotation/jakarta.annotation-api/1.3.5/jakarta.annotation-api-1.3.5.jar:/Users/jpaulraj/.m2/repository/org/yaml/snakeyaml/1.26/snakeyaml-1.26.jar:/Users/jpaulraj/.m2/repository/org/apache/camel/springboot/camel-spring-boot/3.5.0/camel-spring-boot-3.5.0.jar:/Users/jpaulraj/.m2/repository/org/apache/camel/camel-spring/3.5.0/camel-spring-3.5.0.jar:/Users/jpaulraj/.m2/repository/org/apache/camel/camel-core-xml/3.5.0/camel-core-xml-3.5.0.jar:/Users/jpaulraj/.m2/repository/org/springframework/spring-aop/5.2.11.RELEASE/spring-aop-5.2.11.RELEASE.jar:/Users/jpaulraj/.m2/repository/org/springframework/spring-expression/5.2.11.RELEASE/spring-expression-5.2.11.RELEASE.jar:/Users/jpaulraj/.m2/repository/org/springframework/spring-tx/5.2.11.RELEASE/spring-tx-5.2.11.RELEASE.jar:/Users/jpaulraj/.m2/repository/org/apache/camel/camel-core-catalog/3.5.0/camel-core-catalog-3.5.0.jar:/Users/jpaulraj/.m2/repository/org/apache/camel/camel-main/3.5.0/camel-main-3.5.0.jar:/Users/jpaulraj/.m2/repository/org/apache/camel/springboot/camel-core-starter/3.5.0/camel-core-starter-3.5.0.jar:/Users/jpaulraj/.m2/repository/org/apache/camel/springboot/camel-cxf-starter/3.5.0/camel-cxf-starter-3.5.0.jar:/Users/jpaulraj/.m2/repository/org/apache/camel/camel-cxf/3.5.0/camel-cxf-3.5.0.jar:/Users/jpaulraj/.m2/repository/org/apache/camel/camel-attachments/3.5.0/camel-attachments-3.5.0.jar:/Users/jpaulraj/.m2/repository/com/sun/activation/javax.activation/1.2.0/javax.activation-1.2.0.jar:/Users/jpaulraj/.m2/repository/org/apache/camel/camel-cxf-transport/3.5.0/camel-cxf-transport-3.5.0.jar:/Users/jpaulraj/.m2/repository/org/apache/camel/camel-http-base/3.5.0/camel-http-base-3.5.0.jar:/Users/jpaulraj/.m2/repository/org/apache/cxf/cxf-rt-frontend-jaxrs/3.4.0/cxf-rt-frontend-jaxrs-3.4.0.jar:/Users/jpaulraj/.m2/repository/org/apache/cxf/cxf-core/3.4.0/cxf-core-3.4.0.jar:/Users/jpaulraj/.m2/repository/org/glassfish/jaxb/jaxb-runtime/2.3.3/jaxb-runtime-2.3.3.jar:/Users/jpaulraj/.m2/repository/org/glassfish/jaxb/txw2/2.3.3/txw2-2.3.3.jar:/Users/jpaulraj/.m2/repository/com/sun/istack/istack-commons-runtime/3.0.11/istack-commons-runtime-3.0.11.jar:/Users/jpaulraj/.m2/repository/com/sun/activation/jakarta.activation/1.2.2/jakarta.activation-1.2.2.jar:/Users/jpaulraj/.m2/repository/org/apache/ws/xmlschema/xmlschema-core/2.2.5/xmlschema-core-2.2.5.jar:/Users/jpaulraj/.m2/repository/jakarta/ws/rs/jakarta.ws.rs-api/2.1.6/jakarta.ws.rs-api-2.1.6.jar:/Users/jpaulraj/.m2/repository/org/apache/cxf/cxf-rt-transports-http/3.4.0/cxf-rt-transports-http-3.4.0.jar:/Users/jpaulraj/.m2/repository/org/apache/cxf/cxf-rt-security/3.4.0/cxf-rt-security-3.4.0.jar:/Users/jpaulraj/.m2/repository/org/apache/cxf/cxf-rt-frontend-jaxws/3.4.0/cxf-rt-frontend-jaxws-3.4.0.jar:/Users/jpaulraj/.m2/repository/xml-resolver/xml-resolver/1.2/xml-resolver-1.2.jar:/Users/jpaulraj/.m2/repository/org/ow2/asm/asm/8.0.1/asm-8.0.1.jar:/Users/jpaulraj/.m2/repository/org/apache/cxf/cxf-rt-bindings-xml/3.4.0/cxf-rt-bindings-xml-3.4.0.jar:/Users/jpaulraj/.m2/repository/org/apache/cxf/cxf-rt-frontend-simple/3.4.0/cxf-rt-frontend-simple-3.4.0.jar:/Users/jpaulraj/.m2/repository/org/apache/cxf/cxf-rt-ws-addr/3.4.0/cxf-rt-ws-addr-3.4.0.jar:/Users/jpaulraj/.m2/repository/org/apache/cxf/cxf-rt-ws-policy/3.4.0/cxf-rt-ws-policy-3.4.0.jar:/Users/jpaulraj/.m2/repository/org/apache/neethi/neethi/3.1.1/neethi-3.1.1.jar:/Users/jpaulraj/.m2/repository/org/apache/cxf/cxf-rt-rs-client/3.4.0/cxf-rt-rs-client-3.4.0.jar:/Users/jpaulraj/.m2/repository/org/apache/cxf/cxf-rt-features-logging/3.4.0/cxf-rt-features-logging-3.4.0.jar:/Users/jpaulraj/.m2/repository/org/springframework/spring-beans/5.2.11.RELEASE/spring-beans-5.2.11.RELEASE.jar:/Users/jpaulraj/.m2/repository/org/springframework/spring-context/5.2.11.RELEASE/spring-context-5.2.11.RELEASE.jar:/Users/jpaulraj/.m2/repository/org/apache/cxf/cxf-rt-bindings-soap/3.4.0/cxf-rt-bindings-soap-3.4.0.jar:/Users/jpaulraj/.m2/repository/org/apache/cxf/cxf-rt-wsdl/3.4.0/cxf-rt-wsdl-3.4.0.jar:/Users/jpaulraj/.m2/repository/wsdl4j/wsdl4j/1.6.3/wsdl4j-1.6.3.jar:/Users/jpaulraj/.m2/repository/org/apache/cxf/cxf-rt-databinding-jaxb/3.4.0/cxf-rt-databinding-jaxb-3.4.0.jar:/Users/jpaulraj/.m2/repository/org/apache/camel/camel-core/3.5.0/camel-core-3.5.0.jar:/Users/jpaulraj/.m2/repository/org/apache/camel/camel-core-engine/3.5.0/camel-core-engine-3.5.0.jar:/Users/jpaulraj/.m2/repository/org/apache/camel/camel-api/3.5.0/camel-api-3.5.0.jar:/Users/jpaulraj/.m2/repository/org/apache/camel/camel-base/3.5.0/camel-base-3.5.0.jar:/Users/jpaulraj/.m2/repository/org/apache/camel/camel-management-api/3.5.0/camel-management-api-3.5.0.jar:/Users/jpaulraj/.m2/repository/org/apache/camel/camel-util/3.5.0/camel-util-3.5.0.jar:/Users/jpaulraj/.m2/repository/org/apache/camel/camel-core-languages/3.5.0/camel-core-languages-3.5.0.jar:/Users/jpaulraj/.m2/repository/org/apache/camel/camel-bean/3.5.0/camel-bean-3.5.0.jar:/Users/jpaulraj/.m2/repository/org/apache/camel/camel-browse/3.5.0/camel-browse-3.5.0.jar:/Users/jpaulraj/.m2/repository/org/apache/camel/camel-caffeine-lrucache/3.5.0/camel-caffeine-lrucache-3.5.0.jar:/Users/jpaulraj/.m2/repository/com/github/ben-manes/caffeine/caffeine/2.8.6/caffeine-2.8.6.jar:/Users/jpaulraj/.m2/repository/org/apache/camel/camel-cluster/3.5.0/camel-cluster-3.5.0.jar:/Users/jpaulraj/.m2/repository/org/apache/camel/camel-controlbus/3.5.0/camel-controlbus-3.5.0.jar:/Users/jpaulraj/.m2/repository/org/apache/camel/camel-dataformat/3.5.0/camel-dataformat-3.5.0.jar:/Users/jpaulraj/.m2/repository/org/apache/camel/camel-dataset/3.5.0/camel-dataset-3.5.0.jar:/Users/jpaulraj/.m2/repository/org/apache/camel/camel-direct/3.5.0/camel-direct-3.5.0.jar:/Users/jpaulraj/.m2/repository/org/apache/camel/camel-directvm/3.5.0/camel-directvm-3.5.0.jar:/Users/jpaulraj/.m2/repository/org/apache/camel/camel-file/3.5.0/camel-file-3.5.0.jar:/Users/jpaulraj/.m2/repository/org/apache/camel/camel-health/3.5.0/camel-health-3.5.0.jar:/Users/jpaulraj/.m2/repository/org/apache/camel/camel-language/3.5.0/camel-language-3.5.0.jar:/Users/jpaulraj/.m2/repository/org/apache/camel/camel-log/3.5.0/camel-log-3.5.0.jar:/Users/jpaulraj/.m2/repository/org/apache/camel/camel-mock/3.5.0/camel-mock-3.5.0.jar:/Users/jpaulraj/.m2/repository/org/apache/camel/camel-ref/3.5.0/camel-ref-3.5.0.jar:/Users/jpaulraj/.m2/repository/org/apache/camel/camel-rest/3.5.0/camel-rest-3.5.0.jar:/Users/jpaulraj/.m2/repository/org/apache/camel/camel-tooling-model/3.5.0/camel-tooling-model-3.5.0.jar:/Users/jpaulraj/.m2/repository/org/apache/camel/camel-util-json/3.5.0/camel-util-json-3.5.0.jar:/Users/jpaulraj/.m2/repository/org/apache/camel/camel-saga/3.5.0/camel-saga-3.5.0.jar:/Users/jpaulraj/.m2/repository/org/apache/camel/camel-scheduler/3.5.0/camel-scheduler-3.5.0.jar:/Users/jpaulraj/.m2/repository/org/apache/camel/camel-seda/3.5.0/camel-seda-3.5.0.jar:/Users/jpaulraj/.m2/repository/org/apache/camel/camel-stub/3.5.0/camel-stub-3.5.0.jar:/Users/jpaulraj/.m2/repository/org/apache/camel/camel-timer/3.5.0/camel-timer-3.5.0.jar:/Users/jpaulraj/.m2/repository/org/apache/camel/camel-validator/3.5.0/camel-validator-3.5.0.jar:/Users/jpaulraj/.m2/repository/org/apache/camel/camel-vm/3.5.0/camel-vm-3.5.0.jar:/Users/jpaulraj/.m2/repository/org/apache/camel/camel-xpath/3.5.0/camel-xpath-3.5.0.jar:/Users/jpaulraj/.m2/repository/org/apache/camel/camel-xslt/3.5.0/camel-xslt-3.5.0.jar:/Users/jpaulraj/.m2/repository/org/apache/camel/camel-xml-jaxb/3.5.0/camel-xml-jaxb-3.5.0.jar:/Users/jpaulraj/.m2/repository/com/sun/xml/bind/jaxb-core/2.3.0/jaxb-core-2.3.0.jar:/Users/jpaulraj/.m2/repository/org/apache/camel/camel-xml-jaxp/3.5.0/camel-xml-jaxp-3.5.0.jar:/Users/jpaulraj/.m2/repository/org/slf4j/slf4j-api/1.7.30/slf4j-api-1.7.30.jar:/Users/jpaulraj/.m2/repository/org/apache/camel/camel-soap/3.5.0/camel-soap-3.5.0.jar:/Users/jpaulraj/.m2/repository/org/apache/camel/camel-support/3.5.0/camel-support-3.5.0.jar:/Users/jpaulraj/.m2/repository/org/apache/camel/camel-jaxb/3.5.0/camel-jaxb-3.5.0.jar:/Users/jpaulraj/.m2/repository/com/sun/xml/bind/jaxb-impl/2.3.0/jaxb-impl-2.3.0.jar:/Users/jpaulraj/.m2/repository/org/apache/camel/springboot/camel-rest-starter/3.5.0/camel-rest-starter-3.5.0.jar:/Users/jpaulraj/.m2/repository/org/apache/camel/springboot/camel-rest-openapi-starter/3.5.0/camel-rest-openapi-starter-3.5.0.jar:/Users/jpaulraj/.m2/repository/org/apache/camel/camel-rest-openapi/3.5.0/camel-rest-openapi-3.5.0.jar:/Users/jpaulraj/.m2/repository/io/apicurio/apicurio-data-models/1.0.16.Final/apicurio-data-models-1.0.16.Final.jar:/Users/jpaulraj/.m2/repository/org/apache/camel/springboot/camel-undertow-starter/3.5.0/camel-undertow-starter-3.5.0.jar:/Users/jpaulraj/.m2/repository/org/apache/camel/camel-undertow/3.5.0/camel-undertow-3.5.0.jar:/Users/jpaulraj/.m2/repository/io/undertow/undertow-core/2.1.4.Final/undertow-core-2.1.4.Final.jar:/Users/jpaulraj/.m2/repository/org/jboss/logging/jboss-logging/3.4.1.Final/jboss-logging-3.4.1.Final.jar:/Users/jpaulraj/.m2/repository/org/jboss/xnio/xnio-api/3.8.0.Final/xnio-api-3.8.0.Final.jar:/Users/jpaulraj/.m2/repository/org/wildfly/common/wildfly-common/1.5.2.Final/wildfly-common-1.5.2.Final.jar:/Users/jpaulraj/.m2/repository/org/wildfly/client/wildfly-client-config/1.0.1.Final/wildfly-client-config-1.0.1.Final.jar:/Users/jpaulraj/.m2/repository/org/jboss/xnio/xnio-nio/3.8.0.Final/xnio-nio-3.8.0.Final.jar:/Users/jpaulraj/.m2/repository/org/jboss/threads/jboss-threads/3.1.0.Final/jboss-threads-3.1.0.Final.jar:/Users/jpaulraj/.m2/repository/io/undertow/undertow-servlet/2.1.4.Final/undertow-servlet-2.1.4.Final.jar:/Users/jpaulraj/.m2/repository/org/jboss/spec/javax/servlet/jboss-servlet-api_4.0_spec/2.0.0.Final/jboss-servlet-api_4.0_spec-2.0.0.Final.jar:/Users/jpaulraj/.m2/repository/org/jboss/spec/javax/annotation/jboss-annotations-api_1.3_spec/2.0.1.Final/jboss-annotations-api_1.3_spec-2.0.1.Final.jar:/Users/jpaulraj/.m2/repository/org/apache/camel/camel-http/3.5.0/camel-http-3.5.0.jar:/Users/jpaulraj/.m2/repository/org/apache/camel/camel-cloud/3.5.0/camel-cloud-3.5.0.jar:/Users/jpaulraj/.m2/repository/org/apache/camel/camel-http-common/3.5.0/camel-http-common-3.5.0.jar:/Users/jpaulraj/.m2/repository/javax/servlet/javax.servlet-api/4.0.1/javax.servlet-api-4.0.1.jar:/Users/jpaulraj/.m2/repository/org/apache/httpcomponents/httpclient/4.5.13/httpclient-4.5.13.jar:/Users/jpaulraj/.m2/repository/org/apache/httpcomponents/httpcore/4.4.13/httpcore-4.4.13.jar:/Users/jpaulraj/.m2/repository/commons-codec/commons-codec/1.14/commons-codec-1.14.jar:/Users/jpaulraj/.m2/repository/org/apache/camel/camel-swagger-java/3.5.0/camel-swagger-java-3.5.0.jar:/Users/jpaulraj/.m2/repository/com/fasterxml/jackson/datatype/jackson-datatype-joda/2.11.3/jackson-datatype-joda-2.11.3.jar:/Users/jpaulraj/.m2/repository/joda-time/joda-time/2.9.9/joda-time-2.9.9.jar:/Users/jpaulraj/.m2/repository/com/fasterxml/jackson/dataformat/jackson-dataformat-yaml/2.11.3/jackson-dataformat-yaml-2.11.3.jar:/Users/jpaulraj/.m2/repository/com/fasterxml/jackson/dataformat/jackson-dataformat-xml/2.11.3/jackson-dataformat-xml-2.11.3.jar:/Users/jpaulraj/.m2/repository/com/fasterxml/jackson/module/jackson-module-jaxb-annotations/2.11.3/jackson-module-jaxb-annotations-2.11.3.jar:/Users/jpaulraj/.m2/repository/org/codehaus/woodstox/stax2-api/4.2.1/stax2-api-4.2.1.jar:/Users/jpaulraj/.m2/repository/com/fasterxml/woodstox/woodstox-core/6.2.1/woodstox-core-6.2.1.jar:/Users/jpaulraj/.m2/repository/com/fasterxml/jackson/jaxrs/jackson-jaxrs-json-provider/2.11.3/jackson-jaxrs-json-provider-2.11.3.jar:/Users/jpaulraj/.m2/repository/com/fasterxml/jackson/jaxrs/jackson-jaxrs-base/2.11.3/jackson-jaxrs-base-2.11.3.jar:/Users/jpaulraj/.m2/repository/com/google/guava/guava/27.1-jre/guava-27.1-jre.jar:/Users/jpaulraj/.m2/repository/com/google/guava/failureaccess/1.0.1/failureaccess-1.0.1.jar:/Users/jpaulraj/.m2/repository/com/google/guava/listenablefuture/9999.0-empty-to-avoid-conflict-with-guava/listenablefuture-9999.0-empty-to-avoid-conflict-with-guava.jar:/Users/jpaulraj/.m2/repository/com/google/code/findbugs/jsr305/3.0.2/jsr305-3.0.2.jar:/Users/jpaulraj/.m2/repository/org/checkerframework/checker-qual/2.5.2/checker-qual-2.5.2.jar:/Users/jpaulraj/.m2/repository/com/google/errorprone/error_prone_annotations/2.2.0/error_prone_annotations-2.2.0.jar:/Users/jpaulraj/.m2/repository/com/google/j2objc/j2objc-annotations/1.1/j2objc-annotations-1.1.jar:/Users/jpaulraj/.m2/repository/org/codehaus/mojo/animal-sniffer-annotations/1.17/animal-sniffer-annotations-1.17.jar:/Users/jpaulraj/.m2/repository/org/apache/commons/commons-lang3/3.10/commons-lang3-3.10.jar:/Users/jpaulraj/.m2/repository/io/swagger/swagger-core/1.5.24/swagger-core-1.5.24.jar:/Users/jpaulraj/.m2/repository/io/swagger/swagger-models/1.5.24/swagger-models-1.5.24.jar:/Users/jpaulraj/.m2/repository/javax/validation/validation-api/2.0.1.Final/validation-api-2.0.1.Final.jar:/Users/jpaulraj/.m2/repository/io/swagger/swagger-annotations/1.5.24/swagger-annotations-1.5.24.jar:/Users/jpaulraj/.m2/repository/io/swagger/swagger-jaxrs/1.5.24/swagger-jaxrs-1.5.24.jar:/Users/jpaulraj/.m2/repository/javax/ws/rs/jsr311-api/1.1.1/jsr311-api-1.1.1.jar:/Users/jpaulraj/.m2/repository/org/reflections/reflections/0.9.11/reflections-0.9.11.jar:/Users/jpaulraj/.m2/repository/org/javassist/javassist/3.21.0-GA/javassist-3.21.0-GA.jar:/Users/jpaulraj/.m2/repository/io/swagger/swagger-parser/1.0.47/swagger-parser-1.0.47.jar:/Users/jpaulraj/.m2/repository/org/slf4j/slf4j-ext/1.7.30/slf4j-ext-1.7.30.jar:/Users/jpaulraj/.m2/repository/commons-io/commons-io/2.4/commons-io-2.4.jar:/Users/jpaulraj/.m2/repository/org/webjars/swagger-ui/3.38.0/swagger-ui-3.38.0.jar:/Users/jpaulraj/.m2/repository/org/webjars/webjars-locator/0.40/webjars-locator-0.40.jar:/Users/jpaulraj/.m2/repository/org/webjars/webjars-locator-core/0.45/webjars-locator-core-0.45.jar:/Users/jpaulraj/.m2/repository/io/github/classgraph/classgraph/4.8.69/classgraph-4.8.69.jar:/Users/jpaulraj/.m2/repository/com/fasterxml/jackson/core/jackson-core/2.11.3/jackson-core-2.11.3.jar:/Users/jpaulraj/.m2/repository/com/fasterxml/jackson/core/jackson-databind/2.11.3/jackson-databind-2.11.3.jar:/Users/jpaulraj/.m2/repository/com/fasterxml/jackson/core/jackson-annotations/2.11.3/jackson-annotations-2.11.3.jar:/Users/jpaulraj/.m2/repository/org/springframework/boot/spring-boot-starter-test/2.3.6.RELEASE/spring-boot-starter-test-2.3.6.RELEASE.jar:/Users/jpaulraj/.m2/repository/org/springframework/boot/spring-boot-test/2.3.6.RELEASE/spring-boot-test-2.3.6.RELEASE.jar:/Users/jpaulraj/.m2/repository/org/springframework/boot/spring-boot-test-autoconfigure/2.3.6.RELEASE/spring-boot-test-autoconfigure-2.3.6.RELEASE.jar:/Users/jpaulraj/.m2/repository/com/jayway/jsonpath/json-path/2.4.0/json-path-2.4.0.jar:/Users/jpaulraj/.m2/repository/net/minidev/json-smart/2.3/json-smart-2.3.jar:/Users/jpaulraj/.m2/repository/net/minidev/accessors-smart/1.2/accessors-smart-1.2.jar:/Users/jpaulraj/.m2/repository/jakarta/xml/bind/jakarta.xml.bind-api/2.3.3/jakarta.xml.bind-api-2.3.3.jar:/Users/jpaulraj/.m2/repository/jakarta/activation/jakarta.activation-api/1.2.2/jakarta.activation-api-1.2.2.jar:/Users/jpaulraj/.m2/repository/org/assertj/assertj-core/3.16.1/assertj-core-3.16.1.jar:/Users/jpaulraj/.m2/repository/org/hamcrest/hamcrest/2.2/hamcrest-2.2.jar:/Users/jpaulraj/.m2/repository/org/junit/jupiter/junit-jupiter/5.6.3/junit-jupiter-5.6.3.jar:/Users/jpaulraj/.m2/repository/org/junit/jupiter/junit-jupiter-api/5.6.3/junit-jupiter-api-5.6.3.jar:/Users/jpaulraj/.m2/repository/org/apiguardian/apiguardian-api/1.1.0/apiguardian-api-1.1.0.jar:/Users/jpaulraj/.m2/repository/org/opentest4j/opentest4j/1.2.0/opentest4j-1.2.0.jar:/Users/jpaulraj/.m2/repository/org/junit/platform/junit-platform-commons/1.6.3/junit-platform-commons-1.6.3.jar:/Users/jpaulraj/.m2/repository/org/junit/jupiter/junit-jupiter-params/5.6.3/junit-jupiter-params-5.6.3.jar:/Users/jpaulraj/.m2/repository/org/junit/jupiter/junit-jupiter-engine/5.6.3/junit-jupiter-engine-5.6.3.jar:/Users/jpaulraj/.m2/repository/org/junit/platform/junit-platform-engine/1.6.3/junit-platform-engine-1.6.3.jar:/Users/jpaulraj/.m2/repository/org/mockito/mockito-core/3.3.3/mockito-core-3.3.3.jar:/Users/jpaulraj/.m2/repository/net/bytebuddy/byte-buddy/1.10.18/byte-buddy-1.10.18.jar:/Users/jpaulraj/.m2/repository/net/bytebuddy/byte-buddy-agent/1.10.18/byte-buddy-agent-1.10.18.jar:/Users/jpaulraj/.m2/repository/org/objenesis/objenesis/2.6/objenesis-2.6.jar:/Users/jpaulraj/.m2/repository/org/mockito/mockito-junit-jupiter/3.3.3/mockito-junit-jupiter-3.3.3.jar:/Users/jpaulraj/.m2/repository/org/skyscreamer/jsonassert/1.5.0/jsonassert-1.5.0.jar:/Users/jpaulraj/.m2/repository/com/vaadin/external/google/android-json/0.0.20131108.vaadin1/android-json-0.0.20131108.vaadin1.jar:/Users/jpaulraj/.m2/repository/org/springframework/spring-core/5.2.11.RELEASE/spring-core-5.2.11.RELEASE.jar:/Users/jpaulraj/.m2/repository/org/springframework/spring-jcl/5.2.11.RELEASE/spring-jcl-5.2.11.RELEASE.jar:/Users/jpaulraj/.m2/repository/org/springframework/spring-test/5.2.11.RELEASE/spring-test-5.2.11.RELEASE.jar:/Users/jpaulraj/.m2/repository/org/xmlunit/xmlunit-core/2.7.0/xmlunit-core-2.7.0.jar:"/>
    <property name="sun.cpu.endian" value="little"/>
    <property name="user.home" value="/Users/jpaulraj"/>
    <property name="user.language" value="en"/>
    <property name="java.specification.vendor" value="Oracle Corporation"/>
    <property name="java.home" value="/Library/Java/JavaVirtualMachines/jdk1.8.0_251.jdk/Contents/Home/jre"/>
    <property name="basedir" value="/Users/jpaulraj/camel/camel-soaptorest"/>
    <property name="file.separator" value="/"/>
    <property name="line.separator" value="&#10;"/>
    <property name="java.vm.specification.vendor" value="Oracle Corporation"/>
    <property name="java.specification.name" value="Java Platform API Specification"/>
    <property name="java.awt.graphicsenv" value="sun.awt.CGraphicsEnvironment"/>
    <property name="surefire.real.class.path" value="/Users/jpaulraj/camel/camel-soaptorest/target/surefire/surefirebooter8268821940520527656.jar"/>
    <property name="sun.boot.class.path" value="/Library/Java/JavaVirtualMachines/jdk1.8.0_251.jdk/Contents/Home/jre/lib/resources.jar:/Library/Java/JavaVirtualMachines/jdk1.8.0_251.jdk/Contents/Home/jre/lib/rt.jar:/Library/Java/JavaVirtualMachines/jdk1.8.0_251.jdk/Contents/Home/jre/lib/sunrsasign.jar:/Library/Java/JavaVirtualMachines/jdk1.8.0_251.jdk/Contents/Home/jre/lib/jsse.jar:/Library/Java/JavaVirtualMachines/jdk1.8.0_251.jdk/Contents/Home/jre/lib/jce.jar:/Library/Java/JavaVirtualMachines/jdk1.8.0_251.jdk/Contents/Home/jre/lib/charsets.jar:/Library/Java/JavaVirtualMachines/jdk1.8.0_251.jdk/Contents/Home/jre/lib/jfr.jar:/Library/Java/JavaVirtualMachines/jdk1.8.0_251.jdk/Contents/Home/jre/classes"/>
    <property name="sun.management.compiler" value="HotSpot 64-Bit Tiered Compilers"/>
    <property name="ftp.nonProxyHosts" value="local|*.local|169.254/16|*.169.254/16|10.15.108.148"/>
    <property name="java.runtime.version" value="1.8.0_251-b08"/>
    <property name="user.name" value="jpaulraj"/>
    <property name="path.separator" value=":"/>
    <property name="os.version" value="10.16"/>
    <property name="java.endorsed.dirs" value="/Library/Java/JavaVirtualMachines/jdk1.8.0_251.jdk/Contents/Home/jre/lib/endorsed"/>
    <property name="java.runtime.name" value="Java(TM) SE Runtime Environment"/>
    <property name="file.encoding" value="UTF-8"/>
    <property name="java.vm.name" value="Java HotSpot(TM) 64-Bit Server VM"/>
    <property name="localRepository" value="/Users/jpaulraj/.m2/repository"/>
    <property name="java.vendor.url.bug" value="http://bugreport.sun.com/bugreport/"/>
    <property name="java.io.tmpdir" value="/var/folders/h1/9pt7tfh17bjgvpp7mngv3ppw0000gn/T/"/>
    <property name="java.version" value="1.8.0_251"/>
    <property name="user.dir" value="/Users/jpaulraj/camel/camel-soaptorest"/>
    <property name="os.arch" value="x86_64"/>
    <property name="java.vm.specification.name" value="Java Virtual Machine Specification"/>
    <property name="java.awt.printerjob" value="sun.lwawt.macosx.CPrinterJob"/>
    <property name="sun.os.patch.level" value="unknown"/>
    <property name="java.library.path" value="/Users/jpaulraj/Library/Java/Extensions:/Library/Java/Extensions:/Network/Library/Java/Extensions:/System/Library/Java/Extensions:/usr/lib/java:."/>
    <property name="java.vm.info" value="mixed mode"/>
    <property name="java.vendor" value="Oracle Corporation"/>
    <property name="java.vm.version" value="25.251-b08"/>
    <property name="java.ext.dirs" value="/Users/jpaulraj/Library/Java/Extensions:/Library/Java/JavaVirtualMachines/jdk1.8.0_251.jdk/Contents/Home/jre/lib/ext:/Library/Java/Extensions:/Network/Library/Java/Extensions:/System/Library/Java/Extensions:/usr/lib/java"/>
    <property name="sun.io.unicode.encoding" value="UnicodeBig"/>
    <property name="java.class.version" value="52.0"/>
    <property name="socksNonProxyHosts" value="local|*.local|169.254/16|*.169.254/16|10.15.108.148"/>
  </properties>
  <testcase name="testApp" classname="com.camel.soaptorest.AppTest" time="0.019"/>
</testsuite>